h:\project\opengl_room\final\debug\vc140.pdb
h:\project\opengl_room\final\debug\vc140.idb
h:\project\opengl_room\final\debug\avi.obj
h:\project\opengl_room\final\debug\avicube.obj
h:\project\opengl_room\final\debug\main.obj
c:\users\frag\desktop\opengl_room\final\debug\vc140.pdb
c:\users\frag\desktop\opengl_room\final\debug\vc140.idb
c:\users\frag\desktop\opengl_room\final\debug\avi.obj
c:\users\frag\desktop\opengl_room\final\debug\avicube.obj
c:\users\frag\desktop\opengl_room\final\debug\main.obj
h:\project\opengl_room\debug\final.ilk
h:\project\opengl_room\debug\final.exe
h:\project\opengl_room\debug\final.pdb
c:\users\frag\desktop\opengl_room\debug\final.ilk
c:\users\frag\desktop\opengl_room\debug\final.exe
c:\users\frag\desktop\opengl_room\debug\final.pdb
c:\users\frag\desktop\opengl_room\final\debug\final.tlog\cl.command.1.tlog
c:\users\frag\desktop\opengl_room\final\debug\final.tlog\cl.read.1.tlog
c:\users\frag\desktop\opengl_room\final\debug\final.tlog\cl.write.1.tlog
c:\users\frag\desktop\opengl_room\final\debug\final.tlog\link.command.1.tlog
c:\users\frag\desktop\opengl_room\final\debug\final.tlog\link.read.1.tlog
c:\users\frag\desktop\opengl_room\final\debug\final.tlog\link.write.1.tlog
